<?xml version="1.0" encoding="utf-8"?><testsuites name="pytest tests"><testsuite name="pytest" errors="0" failures="0" skipped="0" tests="41" time="18.688" timestamp="2026-09-08T14:00:53.845715-04:00" hostname="Christophers-Mac-mini.local"><testcase classname="tests.test_room_kit_v2_roster" name="test_roster_is_the_frozen_four_plus_twelve_contract" time="0.001" /><testcase classname="tests.test_room_kit_v2_roster" name="test_roster_rows_preserve_exact_envelopes_roles_and_budgets" time="0.000" /><testcase classname="tests.test_room_kit_v2_roster" name="test_duplicate_fails" time="0.002" /><testcase classname="tests.test_room_kit_v2_roster" name="test_invalid_row_contract_fails[max_size_m-value0]" time="0.001" /><testcase classname="tests.test_room_kit_v2_roster" name="test_invalid_row_contract_fails[max_size_m-value1]" time="0.001" /><testcase classname="tests.test_room_kit_v2_roster" name="test_invalid_row_contract_fails[triangles_max-0]" time="0.001" /><testcase classname="tests.test_room_kit_v2_roster" name="test_invalid_row_contract_fails[material_max-5]" time="0.001" /><testcase classname="tests.test_room_kit_v2_roster" name="test_invalid_row_contract_fails[roles-value4]" time="0.001" /><testcase classname="tests.test_room_kit_v2_roster" name="test_invalid_row_contract_fails[footprint_cells-value5]" time="0.001" /><testcase classname="tests.test_room_kit_v2_roster" name="test_invalid_row_contract_fails[behavior-dynamic_system]" time="0.001" /><testcase classname="tests.test_export_static_room_prop" name="test_transformed_master_exports_y_up_identity_and_preserves_source" time="2.194" /><testcase classname="tests.test_export_static_room_prop" name="test_export_rejects_invalid_static_sources[empty]" time="1.001" /><testcase classname="tests.test_export_static_room_prop" name="test_export_rejects_invalid_static_sources[nonmesh]" time="0.964" /><testcase classname="tests.test_export_static_room_prop" name="test_export_rejects_invalid_static_sources[helper]" time="1.002" /><testcase classname="tests.test_export_static_room_prop" name="test_export_rejects_invalid_static_sources[armature]" time="0.990" /><testcase classname="tests.test_export_static_room_prop" name="test_export_rejects_invalid_static_sources[armature_modifier]" time="0.994" /><testcase classname="tests.test_export_static_room_prop" name="test_export_rejects_invalid_static_sources[animated_parent]" time="0.980" /><testcase classname="tests.test_export_static_room_prop" name="test_export_rejects_invalid_static_sources[morph]" time="0.965" /><testcase classname="tests.test_export_static_room_prop" name="test_export_rejects_invalid_static_sources[animation]" time="0.967" /><testcase classname="tests.test_export_static_room_prop" name="test_export_rejects_invalid_static_sources[nonpositive]" time="1.007" /><testcase classname="tests.test_export_static_room_prop" name="test_export_rejects_invalid_static_sources[no_uv]" time="0.991" /><testcase classname="tests.test_export_static_room_prop" name="test_export_rejects_missing_source_and_existing_or_symlink_output" time="1.914" /><testcase classname="tests.test_export_static_room_prop" name="test_export_rejects_cancelled_operator" time="0.975" /><testcase classname="tests.test_export_static_room_prop" name="test_export_rejects_invalid_glb_from_finished_operator" time="0.997" /><testcase classname="tests.test_export_static_room_prop" name="test_export_rejects_glb_without_binary_payload" time="0.985" /><testcase classname="tests.test_run_room_kit_gate" name="test_runner[print(&quot;REAL&quot;)-REAL-10-0]" time="0.053" /><testcase classname="tests.test_run_room_kit_gate" name="test_runner[print(&quot;unrelated REAL text&quot;)-REAL-10-1]" time="0.042" /><testcase classname="tests.test_run_room_kit_gate" name="test_runner[print(&quot;REAL_IMPOSTOR&quot;)-REAL-10-1]" time="0.041" /><testcase classname="tests.test_run_room_kit_gate" name="test_runner[print(&quot;REALISTIC&quot;)-REAL-10-1]" time="0.048" /><testcase classname="tests.test_run_room_kit_gate" name="test_runner[print(&quot;xREAL&quot;)-REAL-10-1]" time="0.044" /><testcase classname="tests.test_run_room_kit_gate" name="test_runner[print(&quot;REAL rows=16&quot;)-REAL-10-0]" time="0.042" /><testcase classname="tests.test_run_room_kit_gate" name="test_runner[print(&quot;REAL[42]&quot;)-REAL[42]-10-0]" time="0.042" /><testcase classname="tests.test_run_room_kit_gate" name="test_runner[print(&quot;REAL4&quot;)-REAL[42]-10-1]" time="0.041" /><testcase classname="tests.test_run_room_kit_gate" name="test_runner[print(&quot;REAL&quot;)--10-1]" time="0.041" /><testcase classname="tests.test_run_room_kit_gate" name="test_runner[print(&quot;SCRIPT ERROR: deliberate runner test&quot;); print(&quot;REAL&quot;)-REAL-10-1]" time="0.041" /><testcase classname="tests.test_run_room_kit_gate" name="test_runner[print(&quot;ERROR: deliberate runner test&quot;); print(&quot;REAL&quot;)-REAL-10-1]" time="0.042" /><testcase classname="tests.test_run_room_kit_gate" name="test_runner[print(&quot;WARNING: deliberate runner test&quot;); print(&quot;REAL&quot;)-REAL-10-1]" time="0.042" /><testcase classname="tests.test_run_room_kit_gate" name="test_runner[print(&quot;wrong marker&quot;)-REAL-10-1]" time="0.041" /><testcase classname="tests.test_run_room_kit_gate" name="test_runner[raise SystemExit(5)-REAL-10-1]" time="0.041" /><testcase classname="tests.test_run_room_kit_gate" name="test_runner[import time; time.sleep(10)--1-1]" time="1.042" /><testcase classname="tests.test_run_room_kit_gate" name="test_runner_preserves_raw_output_on_nonzero_child" time="0.065" /></testsuite></testsuites>